<?xml version="1.0" encoding="UTF-8"?>
<testsuites name="jest tests" tests="199" failures="0" errors="0" time="20.591">
  <testsuite name="CustomersSection Component - CRUD Operations" errors="0" failures="0" skipped="0" timestamp="2026-02-06T13:47:03" time="5.488" tests="29">
    <testcase classname="CustomersSection Component - CRUD Operations Renderizado debe renderizar el header con título" name="CustomersSection Component - CRUD Operations Renderizado debe renderizar el header con título" time="0.058">
    </testcase>
    <testcase classname="CustomersSection Component - CRUD Operations Renderizado debe mostrar cantidad de clientes" name="CustomersSection Component - CRUD Operations Renderizado debe mostrar cantidad de clientes" time="0.029">
    </testcase>
    <testcase classname="CustomersSection Component - CRUD Operations Renderizado debe renderizar tabla con clientes" name="CustomersSection Component - CRUD Operations Renderizado debe renderizar tabla con clientes" time="0.03">
    </testcase>
    <testcase classname="CustomersSection Component - CRUD Operations Renderizado debe mostrar botón de nuevo cliente" name="CustomersSection Component - CRUD Operations Renderizado debe mostrar botón de nuevo cliente" time="0.059">
    </testcase>
    <testcase classname="CustomersSection Component - CRUD Operations Renderizado debe renderizar controles de búsqueda y filtros" name="CustomersSection Component - CRUD Operations Renderizado debe renderizar controles de búsqueda y filtros" time="0.016">
    </testcase>
    <testcase classname="CustomersSection Component - CRUD Operations Búsqueda y Filtros debe buscar clientes por nombre" name="CustomersSection Component - CRUD Operations Búsqueda y Filtros debe buscar clientes por nombre" time="0.128">
    </testcase>
    <testcase classname="CustomersSection Component - CRUD Operations Búsqueda y Filtros debe filtrar clientes por estado" name="CustomersSection Component - CRUD Operations Búsqueda y Filtros debe filtrar clientes por estado" time="0.019">
    </testcase>
    <testcase classname="CustomersSection Component - CRUD Operations Búsqueda y Filtros debe ordenar clientes por nombre" name="CustomersSection Component - CRUD Operations Búsqueda y Filtros debe ordenar clientes por nombre" time="0.027">
    </testcase>
    <testcase classname="CustomersSection Component - CRUD Operations Crear Cliente debe abrir formulario al hacer click en &apos;Nuevo Cliente&apos;" name="CustomersSection Component - CRUD Operations Crear Cliente debe abrir formulario al hacer click en &apos;Nuevo Cliente&apos;" time="0.093">
    </testcase>
    <testcase classname="CustomersSection Component - CRUD Operations Crear Cliente debe mostrar todos los campos del formulario" name="CustomersSection Component - CRUD Operations Crear Cliente debe mostrar todos los campos del formulario" time="0.109">
    </testcase>
    <testcase classname="CustomersSection Component - CRUD Operations Crear Cliente debe crear un nuevo cliente" name="CustomersSection Component - CRUD Operations Crear Cliente debe crear un nuevo cliente" time="1.027">
    </testcase>
    <testcase classname="CustomersSection Component - CRUD Operations Editar Cliente debe abrir formulario de edición al hacer click en editar" name="CustomersSection Component - CRUD Operations Editar Cliente debe abrir formulario de edición al hacer click en editar" time="0.107">
    </testcase>
    <testcase classname="CustomersSection Component - CRUD Operations Editar Cliente debe cargar datos del cliente en el formulario" name="CustomersSection Component - CRUD Operations Editar Cliente debe cargar datos del cliente en el formulario" time="0.107">
    </testcase>
    <testcase classname="CustomersSection Component - CRUD Operations Editar Cliente debe actualizar un cliente" name="CustomersSection Component - CRUD Operations Editar Cliente debe actualizar un cliente" time="0.45">
    </testcase>
    <testcase classname="CustomersSection Component - CRUD Operations Eliminar Cliente debe mostrar modal de confirmación al hacer click en eliminar" name="CustomersSection Component - CRUD Operations Eliminar Cliente debe mostrar modal de confirmación al hacer click en eliminar" time="0.107">
    </testcase>
    <testcase classname="CustomersSection Component - CRUD Operations Eliminar Cliente debe cancelar eliminación" name="CustomersSection Component - CRUD Operations Eliminar Cliente debe cancelar eliminación" time="0.187">
    </testcase>
    <testcase classname="CustomersSection Component - CRUD Operations Eliminar Cliente debe eliminar un cliente" name="CustomersSection Component - CRUD Operations Eliminar Cliente debe eliminar un cliente" time="0.171">
    </testcase>
    <testcase classname="CustomersSection Component - CRUD Operations Estados de Carga debe mostrar mensaje cuando no hay clientes" name="CustomersSection Component - CRUD Operations Estados de Carga debe mostrar mensaje cuando no hay clientes" time="0.031">
    </testcase>
    <testcase classname="CustomersSection Component - CRUD Operations Estados de Carga debe manejar errores en la recuperación de datos" name="CustomersSection Component - CRUD Operations Estados de Carga debe manejar errores en la recuperación de datos" time="0.032">
    </testcase>
    <testcase classname="CustomersSection Component - CRUD Operations Cerrar Formulario debe cerrar formulario al hacer click en cancelar durante creación" name="CustomersSection Component - CRUD Operations Cerrar Formulario debe cerrar formulario al hacer click en cancelar durante creación" time="0.202">
    </testcase>
    <testcase classname="CustomersSection Component - CRUD Operations Cerrar Formulario debe cerrar formulario al hacer click en cancelar durante edición" name="CustomersSection Component - CRUD Operations Cerrar Formulario debe cerrar formulario al hacer click en cancelar durante edición" time="0.188">
    </testcase>
    <testcase classname="CustomersSection Component - CRUD Operations Información de Compras debe mostrar información de clientes" name="CustomersSection Component - CRUD Operations Información de Compras debe mostrar información de clientes" time="0.031">
    </testcase>
    <testcase classname="CustomersSection Component - CRUD Operations Información de Compras debe mostrar emails de clientes" name="CustomersSection Component - CRUD Operations Información de Compras debe mostrar emails de clientes" time="0.031">
    </testcase>
    <testcase classname="CustomersSection Component - CRUD Operations Información de Compras debe mostrar la tabla de clientes" name="CustomersSection Component - CRUD Operations Información de Compras debe mostrar la tabla de clientes" time="0.03">
    </testcase>
    <testcase classname="CustomersSection Component - CRUD Operations Información de Compras debe mostrar información de estado" name="CustomersSection Component - CRUD Operations Información de Compras debe mostrar información de estado" time="0.019">
    </testcase>
    <testcase classname="CustomersSection Component - CRUD Operations Manejo de Errores en Operaciones debe manejar error al crear cliente" name="CustomersSection Component - CRUD Operations Manejo de Errores en Operaciones debe manejar error al crear cliente" time="0.713">
    </testcase>
    <testcase classname="CustomersSection Component - CRUD Operations Manejo de Errores en Operaciones debe manejar error al actualizar cliente" name="CustomersSection Component - CRUD Operations Manejo de Errores en Operaciones debe manejar error al actualizar cliente" time="0.415">
    </testcase>
    <testcase classname="CustomersSection Component - CRUD Operations Estados y Badges debe mostrar badge de estado Activo" name="CustomersSection Component - CRUD Operations Estados y Badges debe mostrar badge de estado Activo" time="0.018">
    </testcase>
    <testcase classname="CustomersSection Component - CRUD Operations Estados y Badges debe aplicar clase correcta al badge de estado" name="CustomersSection Component - CRUD Operations Estados y Badges debe aplicar clase correcta al badge de estado" time="0.029">
    </testcase>
  </testsuite>
  <testsuite name="ProductForm Component" errors="0" failures="0" skipped="0" timestamp="2026-02-06T13:47:08" time="4.799" tests="20">
    <testcase classname="ProductForm Component Rendering debe renderizar el componente cuando isOpen es true" name="ProductForm Component Rendering debe renderizar el componente cuando isOpen es true" time="0.017">
    </testcase>
    <testcase classname="ProductForm Component Rendering no debe renderizar cuando isOpen es false" name="ProductForm Component Rendering no debe renderizar cuando isOpen es false" time="0.001">
    </testcase>
    <testcase classname="ProductForm Component Rendering debe mostrar título &apos;Editar Producto&apos; cuando product existe" name="ProductForm Component Rendering debe mostrar título &apos;Editar Producto&apos; cuando product existe" time="0.004">
    </testcase>
    <testcase classname="ProductForm Component Rendering debe renderizar todos los campos del formulario" name="ProductForm Component Rendering debe renderizar todos los campos del formulario" time="0.007">
    </testcase>
    <testcase classname="ProductForm Component Rendering debe renderizar todas las categorías en el select" name="ProductForm Component Rendering debe renderizar todas las categorías en el select" time="0.005">
    </testcase>
    <testcase classname="ProductForm Component Rendering debe renderizar botones Cancelar y Guardar" name="ProductForm Component Rendering debe renderizar botones Cancelar y Guardar" time="0.034">
    </testcase>
    <testcase classname="ProductForm Component Crear Nuevo Producto debe permitir llenar el formulario con datos válidos" name="ProductForm Component Crear Nuevo Producto debe permitir llenar el formulario con datos válidos" time="0.605">
    </testcase>
    <testcase classname="ProductForm Component Crear Nuevo Producto debe validar que el nombre sea requerido" name="ProductForm Component Crear Nuevo Producto debe validar que el nombre sea requerido" time="0.06">
    </testcase>
    <testcase classname="ProductForm Component Crear Nuevo Producto debe validar que la categoría sea requerida" name="ProductForm Component Crear Nuevo Producto debe validar que la categoría sea requerida" time="0.219">
    </testcase>
    <testcase classname="ProductForm Component Crear Nuevo Producto debe validar que el precio sea positivo" name="ProductForm Component Crear Nuevo Producto debe validar que el precio sea positivo" time="0.389">
    </testcase>
    <testcase classname="ProductForm Component Crear Nuevo Producto debe validar que el stock sea no negativo" name="ProductForm Component Crear Nuevo Producto debe validar que el stock sea no negativo" time="0.403">
    </testcase>
    <testcase classname="ProductForm Component Crear Nuevo Producto debe enviar datos válidos al onSubmit" name="ProductForm Component Crear Nuevo Producto debe enviar datos válidos al onSubmit" time="0.61">
    </testcase>
    <testcase classname="ProductForm Component Editar Producto debe prellenar el formulario con datos del producto" name="ProductForm Component Editar Producto debe prellenar el formulario con datos del producto" time="0.004">
    </testcase>
    <testcase classname="ProductForm Component Editar Producto debe permitir actualizar los datos" name="ProductForm Component Editar Producto debe permitir actualizar los datos" time="0.446">
    </testcase>
    <testcase classname="ProductForm Component Interacciones debe llamar onClose cuando se hace clic en Cancelar" name="ProductForm Component Interacciones debe llamar onClose cuando se hace clic en Cancelar" time="0.062">
    </testcase>
    <testcase classname="ProductForm Component Interacciones debe llamar onClose después de guardar correctamente" name="ProductForm Component Interacciones debe llamar onClose después de guardar correctamente" time="0.496">
    </testcase>
    <testcase classname="ProductForm Component Interacciones debe mostrar estado de carga durante el envío" name="ProductForm Component Interacciones debe mostrar estado de carga durante el envío" time="0.485">
    </testcase>
    <testcase classname="ProductForm Component Interacciones debe permitir cerrar el modal con el botón X" name="ProductForm Component Interacciones debe permitir cerrar el modal con el botón X" time="0.063">
    </testcase>
    <testcase classname="ProductForm Component Validación de Errores debe limpiar errores cuando el usuario empieza a escribir" name="ProductForm Component Validación de Errores debe limpiar errores cuando el usuario empieza a escribir" time="0.203">
    </testcase>
    <testcase classname="ProductForm Component Validación de Errores debe manejar errores del servidor" name="ProductForm Component Validación de Errores debe manejar errores del servidor" time="0.466">
    </testcase>
  </testsuite>
  <testsuite name="ProductsSection Component - CRUD Operations" errors="0" failures="0" skipped="0" timestamp="2026-02-06T13:47:13" time="2.475" tests="40">
    <testcase classname="ProductsSection Component - CRUD Operations Renderizado debe renderizar el header con título" name="ProductsSection Component - CRUD Operations Renderizado debe renderizar el header con título" time="0.051">
    </testcase>
    <testcase classname="ProductsSection Component - CRUD Operations Renderizado debe mostrar cantidad de productos" name="ProductsSection Component - CRUD Operations Renderizado debe mostrar cantidad de productos" time="0.033">
    </testcase>
    <testcase classname="ProductsSection Component - CRUD Operations Renderizado debe renderizar tabla con productos" name="ProductsSection Component - CRUD Operations Renderizado debe renderizar tabla con productos" time="0.031">
    </testcase>
    <testcase classname="ProductsSection Component - CRUD Operations Renderizado debe mostrar botón de crear nuevo producto" name="ProductsSection Component - CRUD Operations Renderizado debe mostrar botón de crear nuevo producto" time="0.021">
    </testcase>
    <testcase classname="ProductsSection Component - CRUD Operations Crear Producto debe mostrar estado de carga" name="ProductsSection Component - CRUD Operations Crear Producto debe mostrar estado de carga" time="0.004">
    </testcase>
    <testcase classname="ProductsSection Component - CRUD Operations Crear Producto debe mostrar estado vacío cuando no hay productos" name="ProductsSection Component - CRUD Operations Crear Producto debe mostrar estado vacío cuando no hay productos" time="0.037">
    </testcase>
    <testcase classname="ProductsSection Component - CRUD Operations Datos de Ejemplo debe mostrar mensaje de error cuando falla la API" name="ProductsSection Component - CRUD Operations Datos de Ejemplo debe mostrar mensaje de error cuando falla la API" time="0.017">
    </testcase>
    <testcase classname="ProductsSection Component - CRUD Operations Métodos CRUD debe tener método createProduct disponible" name="ProductsSection Component - CRUD Operations Métodos CRUD debe tener método createProduct disponible" time="0">
    </testcase>
    <testcase classname="ProductsSection Component - CRUD Operations Métodos CRUD debe tener método updateProduct disponible" name="ProductsSection Component - CRUD Operations Métodos CRUD debe tener método updateProduct disponible" time="0">
    </testcase>
    <testcase classname="ProductsSection Component - CRUD Operations Métodos CRUD debe tener método deleteProduct disponible" name="ProductsSection Component - CRUD Operations Métodos CRUD debe tener método deleteProduct disponible" time="0">
    </testcase>
    <testcase classname="ProductsSection Component - CRUD Operations Métodos CRUD debe tener método getProduct disponible" name="ProductsSection Component - CRUD Operations Métodos CRUD debe tener método getProduct disponible" time="0">
    </testcase>
    <testcase classname="ProductsSection Component - CRUD Operations Filtrado y Búsqueda debe llamar getProducts cuando se carga" name="ProductsSection Component - CRUD Operations Filtrado y Búsqueda debe llamar getProducts cuando se carga" time="0.016">
    </testcase>
    <testcase classname="ProductsSection Component - CRUD Operations Filtrado y Búsqueda debe tener input de búsqueda" name="ProductsSection Component - CRUD Operations Filtrado y Búsqueda debe tener input de búsqueda" time="0.007">
    </testcase>
    <testcase classname="ProductsSection Component - CRUD Operations Filtrado y Búsqueda debe tener selector de categorías" name="ProductsSection Component - CRUD Operations Filtrado y Búsqueda debe tener selector de categorías" time="0.024">
    </testcase>
    <testcase classname="ProductsSection Component - CRUD Operations Estructura de Tabla debe mostrar columnas correctas" name="ProductsSection Component - CRUD Operations Estructura de Tabla debe mostrar columnas correctas" time="0.027">
    </testcase>
    <testcase classname="ProductsSection Component - CRUD Operations Estructura de Tabla debe mostrar estado de producto" name="ProductsSection Component - CRUD Operations Estructura de Tabla debe mostrar estado de producto" time="0.03">
    </testcase>
    <testcase classname="ProductsSection Component - CRUD Operations Operaciones CRUD deve abrir o formulario de criar cuando clica no botão criar" name="ProductsSection Component - CRUD Operations Operaciones CRUD deve abrir o formulario de criar cuando clica no botão criar" time="0.051">
    </testcase>
    <testcase classname="ProductsSection Component - CRUD Operations Operaciones CRUD deve abrir o formulario para editar quando clica editar" name="ProductsSection Component - CRUD Operations Operaciones CRUD deve abrir o formulario para editar quando clica editar" time="0.089">
    </testcase>
    <testcase classname="ProductsSection Component - CRUD Operations Operaciones CRUD deve chamar createProduct quando salva novo produto" name="ProductsSection Component - CRUD Operations Operaciones CRUD deve chamar createProduct quando salva novo produto" time="0.089">
    </testcase>
    <testcase classname="ProductsSection Component - CRUD Operations Operaciones CRUD deve chamar updateProduct quando edita produto existente" name="ProductsSection Component - CRUD Operations Operaciones CRUD deve chamar updateProduct quando edita produto existente" time="0.125">
    </testcase>
    <testcase classname="ProductsSection Component - CRUD Operations Operaciones CRUD deve mostrar confirmação de eliminação" name="ProductsSection Component - CRUD Operations Operaciones CRUD deve mostrar confirmação de eliminação" time="0.092">
    </testcase>
    <testcase classname="ProductsSection Component - CRUD Operations Operaciones CRUD deve chamar deleteProduct quando confirma eliminação" name="ProductsSection Component - CRUD Operations Operaciones CRUD deve chamar deleteProduct quando confirma eliminação" time="0.185">
    </testcase>
    <testcase classname="ProductsSection Component - CRUD Operations Operaciones CRUD deve fechar modal de confirmação ao cancelar" name="ProductsSection Component - CRUD Operations Operaciones CRUD deve fechar modal de confirmação ao cancelar" time="0.201">
    </testcase>
    <testcase classname="ProductsSection Component - CRUD Operations Operaciones CRUD deve mostrar erro quando delete falha" name="ProductsSection Component - CRUD Operations Operaciones CRUD deve mostrar erro quando delete falha" time="0.205">
    </testcase>
    <testcase classname="ProductsSection Component - CRUD Operations Filtros y Ordenamiento debe permitir cambiar el término de búsqueda" name="ProductsSection Component - CRUD Operations Filtros y Ordenamiento debe permitir cambiar el término de búsqueda" time="0.126">
    </testcase>
    <testcase classname="ProductsSection Component - CRUD Operations Filtros y Ordenamiento debe permitir cambiar la categoría" name="ProductsSection Component - CRUD Operations Filtros y Ordenamiento debe permitir cambiar la categoría" time="0.078">
    </testcase>
    <testcase classname="ProductsSection Component - CRUD Operations Filtros y Ordenamiento debe permitir cambiar el orden" name="ProductsSection Component - CRUD Operations Filtros y Ordenamiento debe permitir cambiar el orden" time="0.078">
    </testcase>
    <testcase classname="ProductsSection Component - CRUD Operations Filtros y Ordenamiento debe recargar productos cuando cambian los filtros" name="ProductsSection Component - CRUD Operations Filtros y Ordenamiento debe recargar productos cuando cambian los filtros" time="0.139">
    </testcase>
    <testcase classname="ProductsSection Component - CRUD Operations Estados y Colores debe mostrar badge de estado En Stock" name="ProductsSection Component - CRUD Operations Estados y Colores debe mostrar badge de estado En Stock" time="0.03">
    </testcase>
    <testcase classname="ProductsSection Component - CRUD Operations Estados y Colores debe aplicar clase de color según el estado" name="ProductsSection Component - CRUD Operations Estados y Colores debe aplicar clase de color según el estado" time="0.019">
    </testcase>
    <testcase classname="ProductsSection Component - CRUD Operations Información de Productos debe mostrar precio formateado" name="ProductsSection Component - CRUD Operations Información de Productos debe mostrar precio formateado" time="0.027">
    </testcase>
    <testcase classname="ProductsSection Component - CRUD Operations Información de Productos debe mostrar cantidad de stock con unidades" name="ProductsSection Component - CRUD Operations Información de Productos debe mostrar cantidad de stock con unidades" time="0.016">
    </testcase>
    <testcase classname="ProductsSection Component - CRUD Operations Información de Productos debe mostrar fecha de última venta" name="ProductsSection Component - CRUD Operations Información de Productos debe mostrar fecha de última venta" time="0.031">
    </testcase>
    <testcase classname="ProductsSection Component - CRUD Operations Información de Productos debe mostrar número de ventas" name="ProductsSection Component - CRUD Operations Información de Productos debe mostrar número de ventas" time="0.029">
    </testcase>
    <testcase classname="ProductsSection Component - CRUD Operations Modal de ProductForm debe pasar categorías al formulario" name="ProductsSection Component - CRUD Operations Modal de ProductForm debe pasar categorías al formulario" time="0.093">
    </testcase>
    <testcase classname="ProductsSection Component - CRUD Operations Modal de ProductForm debe cerrar el formulario cuando se cancela" name="ProductsSection Component - CRUD Operations Modal de ProductForm debe cerrar el formulario cuando se cancela" time="0.17">
    </testcase>
    <testcase classname="ProductsSection Component - CRUD Operations Acciones de Botones debe tener iconos en los botones de acción" name="ProductsSection Component - CRUD Operations Acciones de Botones debe tener iconos en los botones de acción" time="0.015">
    </testcase>
    <testcase classname="ProductsSection Component - CRUD Operations Acciones de Botones debe tener aria-labels en botones de acción" name="ProductsSection Component - CRUD Operations Acciones de Botones debe tener aria-labels en botones de acción" time="0.032">
    </testcase>
    <testcase classname="ProductsSection Component - CRUD Operations Manejo de Errores en Operaciones debe manejar error al crear producto" name="ProductsSection Component - CRUD Operations Manejo de Errores en Operaciones debe manejar error al crear producto" time="0.015">
    </testcase>
    <testcase classname="ProductsSection Component - CRUD Operations Manejo de Errores en Operaciones debe manejar error al actualizar producto" name="ProductsSection Component - CRUD Operations Manejo de Errores en Operaciones debe manejar error al actualizar producto" time="0.018">
    </testcase>
  </testsuite>
  <testsuite name="Login Tests" errors="0" failures="0" skipped="0" timestamp="2026-02-06T13:47:16" time="1.438" tests="9">
    <testcase classname="Login Tests Rendering should render login form" name="Login Tests Rendering should render login form" time="0.024">
    </testcase>
    <testcase classname="Login Tests Rendering should render password visibility toggle" name="Login Tests Rendering should render password visibility toggle" time="0.003">
    </testcase>
    <testcase classname="Login Tests User Interactions should update username input" name="Login Tests User Interactions should update username input" time="0.182">
    </testcase>
    <testcase classname="Login Tests User Interactions should toggle password visibility" name="Login Tests User Interactions should toggle password visibility" time="0.047">
    </testcase>
    <testcase classname="Login Tests Form Submission should handle form validation for empty fields" name="Login Tests Form Submission should handle form validation for empty fields" time="0.076">
    </testcase>
    <testcase classname="Login Tests Form Submission should handle demo button functionality" name="Login Tests Form Submission should handle demo button functionality" time="0.047">
    </testcase>
    <testcase classname="Login Tests Form Submission should handle login error without server response" name="Login Tests Form Submission should handle login error without server response" time="0.467">
    </testcase>
    <testcase classname="Login Tests Form Submission should clear error when user starts typing" name="Login Tests Form Submission should clear error when user starts typing" time="0.138">
    </testcase>
    <testcase classname="Login Tests Form Submission should handle whitespace-only credentials" name="Login Tests Form Submission should handle whitespace-only credentials" time="0.262">
    </testcase>
  </testsuite>
  <testsuite name="SalesSection Component" errors="0" failures="0" skipped="0" timestamp="2026-02-06T13:47:17" time="1.134" tests="8">
    <testcase classname="SalesSection Component debe renderizar el header" name="SalesSection Component debe renderizar el header" time="0.035">
    </testcase>
    <testcase classname="SalesSection Component debe mostrar métricas principales" name="SalesSection Component debe mostrar métricas principales" time="0.027">
    </testcase>
    <testcase classname="SalesSection Component debe filtrar ventas por búsqueda" name="SalesSection Component debe filtrar ventas por búsqueda" time="0.244">
    </testcase>
    <testcase classname="SalesSection Component debe solicitar ventas por estado" name="SalesSection Component debe solicitar ventas por estado" time="0.124">
    </testcase>
    <testcase classname="SalesSection Component debe mostrar detalle al seleccionar una venta" name="SalesSection Component debe mostrar detalle al seleccionar una venta" time="0.1">
    </testcase>
    <testcase classname="SalesSection Component debe anular una venta cuando no está anulada" name="SalesSection Component debe anular una venta cuando no está anulada" time="0.12">
    </testcase>
    <testcase classname="SalesSection Component debe abrir formulario y cargar opciones" name="SalesSection Component debe abrir formulario y cargar opciones" time="0.11">
    </testcase>
    <testcase classname="SalesSection Component debe crear venta desde el formulario" name="SalesSection Component debe crear venta desde el formulario" time="0.17">
    </testcase>
  </testsuite>
  <testsuite name="App Tests" errors="0" failures="0" skipped="0" timestamp="2026-02-06T13:47:18" time="0.832" tests="15">
    <testcase classname="App Tests Initial Rendering should render login when no user is stored" name="App Tests Initial Rendering should render login when no user is stored" time="0.006">
    </testcase>
    <testcase classname="App Tests Initial Rendering should render dashboard when valid user is stored" name="App Tests Initial Rendering should render dashboard when valid user is stored" time="0.01">
    </testcase>
    <testcase classname="App Tests Authentication Flow should handle successful login" name="App Tests Authentication Flow should handle successful login" time="0.078">
    </testcase>
    <testcase classname="App Tests Authentication Flow should handle logout" name="App Tests Authentication Flow should handle logout" time="0.095">
    </testcase>
    <testcase classname="App Tests Error Handling should handle corrupted localStorage data" name="App Tests Error Handling should handle corrupted localStorage data" time="0.015">
    </testcase>
    <testcase classname="App Tests Error Handling should handle missing user data with token present" name="App Tests Error Handling should handle missing user data with token present" time="0.014">
    </testcase>
    <testcase classname="App Tests Error Handling should handle missing token with user present" name="App Tests Error Handling should handle missing token with user present" time="0.016">
    </testcase>
    <testcase classname="App Tests Error Handling should handle invalid user object" name="App Tests Error Handling should handle invalid user object" time="0.015">
    </testcase>
    <testcase classname="App Tests State Management should update user state after login" name="App Tests State Management should update user state after login" time="0.091">
    </testcase>
    <testcase classname="App Tests State Management should clear user state after logout" name="App Tests State Management should clear user state after logout" time="0.093">
    </testcase>
    <testcase classname="App Tests localStorage Integration should save user data to localStorage on login" name="App Tests localStorage Integration should save user data to localStorage on login" time="0.092">
    </testcase>
    <testcase classname="App Tests localStorage Integration should remove user data from localStorage on logout" name="App Tests localStorage Integration should remove user data from localStorage on logout" time="0.077">
    </testcase>
    <testcase classname="App Tests localStorage Integration should handle localStorage.getItem throwing error" name="App Tests localStorage Integration should handle localStorage.getItem throwing error" time="0.016">
    </testcase>
    <testcase classname="App Tests Component Interactions should pass correct props to Login component" name="App Tests Component Interactions should pass correct props to Login component" time="0.016">
    </testcase>
    <testcase classname="App Tests Component Interactions should pass correct props to Dashboard component" name="App Tests Component Interactions should pass correct props to Dashboard component" time="0.015">
    </testcase>
  </testsuite>
  <testsuite name="SalesForm Component" errors="0" failures="0" skipped="0" timestamp="2026-02-06T13:47:19" time="0.867" tests="34">
    <testcase classname="SalesForm Component Rendering debe renderizar el formulario cuando isOpen es true" name="SalesForm Component Rendering debe renderizar el formulario cuando isOpen es true" time="0.025">
    </testcase>
    <testcase classname="SalesForm Component Rendering no debe renderizar cuando isOpen es false" name="SalesForm Component Rendering no debe renderizar cuando isOpen es false" time="0.001">
    </testcase>
    <testcase classname="SalesForm Component Rendering debe renderizar clientes" name="SalesForm Component Rendering debe renderizar clientes" time="0.008">
    </testcase>
    <testcase classname="SalesForm Component Rendering debe renderizar productos" name="SalesForm Component Rendering debe renderizar productos" time="0.009">
    </testcase>
    <testcase classname="SalesForm Component Rendering debe mostrar botones de acción" name="SalesForm Component Rendering debe mostrar botones de acción" time="0.049">
    </testcase>
    <testcase classname="SalesForm Component Rendering debe mostrar botón de agregar item" name="SalesForm Component Rendering debe mostrar botón de agregar item" time="0.026">
    </testcase>
    <testcase classname="SalesForm Component Rendering debe mostrar las secciones del formulario" name="SalesForm Component Rendering debe mostrar las secciones del formulario" time="0.009">
    </testcase>
    <testcase classname="SalesForm Component Error Display debe mostrar error cuando existe" name="SalesForm Component Error Display debe mostrar error cuando existe" time="0.007">
    </testcase>
    <testcase classname="SalesForm Component Error Display debe mostrar clase de error" name="SalesForm Component Error Display debe mostrar clase de error" time="0.008">
    </testcase>
    <testcase classname="SalesForm Component Props Handling debe manejar props vacíos correctamente" name="SalesForm Component Props Handling debe manejar props vacíos correctamente" time="0.009">
    </testcase>
    <testcase classname="SalesForm Component Props Handling debe desabilitar botón cuando está loading" name="SalesForm Component Props Handling debe desabilitar botón cuando está loading" time="0.028">
    </testcase>
    <testcase classname="SalesForm Component Props Handling debe desabilitar select de cliente cuando está loading" name="SalesForm Component Props Handling debe desabilitar select de cliente cuando está loading" time="0.009">
    </testcase>
    <testcase classname="SalesForm Component Form Structure debe tener estructura correcta del modal" name="SalesForm Component Form Structure debe tener estructura correcta del modal" time="0.007">
    </testcase>
    <testcase classname="SalesForm Component Form Structure debe tener form dentro del modal" name="SalesForm Component Form Structure debe tener form dentro del modal" time="0.008">
    </testcase>
    <testcase classname="SalesForm Component Form Structure debe tener textarea para notas" name="SalesForm Component Form Structure debe tener textarea para notas" time="0.007">
    </testcase>
    <testcase classname="SalesForm Component Form Structure debe mostrar múltiples selects para opciones" name="SalesForm Component Form Structure debe mostrar múltiples selects para opciones" time="0.009">
    </testcase>
    <testcase classname="SalesForm Component Row Structure debe renderizar filas del formulario" name="SalesForm Component Row Structure debe renderizar filas del formulario" time="0.007">
    </testcase>
    <testcase classname="SalesForm Component Form Interactions debe llamar onClose cuando se hace clic en cerrar" name="SalesForm Component Form Interactions debe llamar onClose cuando se hace clic en cerrar" time="0.069">
    </testcase>
    <testcase classname="SalesForm Component Form Interactions debe llamar onClose cuando se hace clic en cancelar" name="SalesForm Component Form Interactions debe llamar onClose cuando se hace clic en cancelar" time="0.079">
    </testcase>
    <testcase classname="SalesForm Component Form Interactions debe permitir cambiar el cliente" name="SalesForm Component Form Interactions debe permitir cambiar el cliente" time="0.007">
    </testcase>
    <testcase classname="SalesForm Component Form Interactions debe permitir cambiar el método de pago" name="SalesForm Component Form Interactions debe permitir cambiar el método de pago" time="0.009">
    </testcase>
    <testcase classname="SalesForm Component Form Interactions debe permitir cambiar el estado" name="SalesForm Component Form Interactions debe permitir cambiar el estado" time="0.008">
    </testcase>
    <testcase classname="SalesForm Component Form Interactions debe permitir cambiar el descuento" name="SalesForm Component Form Interactions debe permitir cambiar el descuento" time="0.009">
    </testcase>
    <testcase classname="SalesForm Component Form Interactions debe agregar un nuevo item cuando se hace clic en agregar" name="SalesForm Component Form Interactions debe agregar un nuevo item cuando se hace clic en agregar" time="0.059">
    </testcase>
    <testcase classname="SalesForm Component Form Interactions debe eliminar un item cuando hay más de uno" name="SalesForm Component Form Interactions debe eliminar un item cuando hay más de uno" time="0.139">
    </testcase>
    <testcase classname="SalesForm Component Form Interactions debe deshabilitar el botón de eliminar cuando hay solo un item" name="SalesForm Component Form Interactions debe deshabilitar el botón de eliminar cuando hay solo un item" time="0.008">
    </testcase>
    <testcase classname="SalesForm Component Form Validation debe mostrar error si no se selecciona cliente" name="SalesForm Component Form Validation debe mostrar error si no se selecciona cliente" time="0.008">
    </testcase>
    <testcase classname="SalesForm Component Form Validation debe calcular el subtotal correctamente" name="SalesForm Component Form Validation debe calcular el subtotal correctamente" time="0.009">
    </testcase>
    <testcase classname="SalesForm Component Form Validation debe resetear el formulario cuando isOpen cambia de false a true" name="SalesForm Component Form Validation debe resetear el formulario cuando isOpen cambia de false a true" time="0.007">
    </testcase>
    <testcase classname="SalesForm Component Cálculos del resumen debe mostrar sección de resumen" name="SalesForm Component Cálculos del resumen debe mostrar sección de resumen" time="0.005">
    </testcase>
    <testcase classname="SalesForm Component Cálculos del resumen debe calcular el impuesto (13%)" name="SalesForm Component Cálculos del resumen debe calcular el impuesto (13%)" time="0.007">
    </testcase>
    <testcase classname="SalesForm Component Cálculos del resumen debe mostrar el total" name="SalesForm Component Cálculos del resumen debe mostrar el total" time="0.005">
    </testcase>
    <testcase classname="SalesForm Component Cálculos del resumen debe formatear montos como moneda boliviana" name="SalesForm Component Cálculos del resumen debe formatear montos como moneda boliviana" time="0.006">
    </testcase>
    <testcase classname="SalesForm Component Notas del formulario debe permitir ingresar notas" name="SalesForm Component Notas del formulario debe permitir ingresar notas" time="0.011">
    </testcase>
  </testsuite>
  <testsuite name="Settings Component" errors="0" failures="0" skipped="0" timestamp="2026-02-06T13:47:20" time="0.652" tests="7">
    <testcase classname="Settings Component renders header and default profile tab" name="Settings Component renders header and default profile tab" time="0.009">
    </testcase>
    <testcase classname="Settings Component enters edit mode and saves profile" name="Settings Component enters edit mode and saves profile" time="0.072">
    </testcase>
    <testcase classname="Settings Component cancels profile edit and restores original values" name="Settings Component cancels profile edit and restores original values" time="0.068">
    </testcase>
    <testcase classname="Settings Component opens notifications tab and toggles email notifications" name="Settings Component opens notifications tab and toggles email notifications" time="0.068">
    </testcase>
    <testcase classname="Settings Component shows validation errors and success on password change" name="Settings Component shows validation errors and success on password change" time="0.164">
    </testcase>
    <testcase classname="Settings Component updates preferences and shows info tab" name="Settings Component updates preferences and shows info tab" time="0.078">
    </testcase>
    <testcase classname="Settings Component shows support links in info tab" name="Settings Component shows support links in info tab" time="0.03">
    </testcase>
  </testsuite>
  <testsuite name="Charts Components" errors="0" failures="0" skipped="0" timestamp="2026-02-06T13:47:21" time="0.551" tests="8">
    <testcase classname="Charts Components debe renderizar ProductSalesChart" name="Charts Components debe renderizar ProductSalesChart" time="0.012">
    </testcase>
    <testcase classname="Charts Components debe renderizar DailySalesChart" name="Charts Components debe renderizar DailySalesChart" time="0.002">
    </testcase>
    <testcase classname="Charts Components debe renderizar BranchSalesChart" name="Charts Components debe renderizar BranchSalesChart" time="0.002">
    </testcase>
    <testcase classname="Charts Components debe renderizar MonthlyTrendChart" name="Charts Components debe renderizar MonthlyTrendChart" time="0.002">
    </testcase>
    <testcase classname="Charts Components debe renderizar TopProductsChart" name="Charts Components debe renderizar TopProductsChart" time="0.002">
    </testcase>
    <testcase classname="Charts Components debe renderizar CategoryChart" name="Charts Components debe renderizar CategoryChart" time="0.002">
    </testcase>
    <testcase classname="Charts Components debe manejar datos vacíos en ProductSalesChart" name="Charts Components debe manejar datos vacíos en ProductSalesChart" time="0.002">
    </testcase>
    <testcase classname="Charts Components debe manejar datos vacíos en BranchSalesChart" name="Charts Components debe manejar datos vacíos en BranchSalesChart" time="0.001">
    </testcase>
  </testsuite>
  <testsuite name="DashboardHeader Component" errors="0" failures="0" skipped="0" timestamp="2026-02-06T13:47:21" time="0.494" tests="6">
    <testcase classname="DashboardHeader Component debe renderizar el header" name="DashboardHeader Component debe renderizar el header" time="0.012">
    </testcase>
    <testcase classname="DashboardHeader Component debe mostrar el nombre del usuario cuando se abre el menú" name="DashboardHeader Component debe mostrar el nombre del usuario cuando se abre el menú" time="0.064">
    </testcase>
    <testcase classname="DashboardHeader Component debe mostrar botón de cuenta de usuario" name="DashboardHeader Component debe mostrar botón de cuenta de usuario" time="0.004">
    </testcase>
    <testcase classname="DashboardHeader Component debe toggle el menú de usuario al hacer click" name="DashboardHeader Component debe toggle el menú de usuario al hacer click" time="0.103">
    </testcase>
    <testcase classname="DashboardHeader Component debe llamar onLogout al hacer click en Salir" name="DashboardHeader Component debe llamar onLogout al hacer click en Salir" time="0.124">
    </testcase>
    <testcase classname="DashboardHeader Component debe renderizar sin usuario" name="DashboardHeader Component debe renderizar sin usuario" time="0.002">
    </testcase>
  </testsuite>
  <testsuite name="Dashboard Tests" errors="0" failures="0" skipped="0" timestamp="2026-02-06T13:47:22" time="0.227" tests="3">
    <testcase classname="Dashboard Tests Rendering debe mostrar spinner de carga" name="Dashboard Tests Rendering debe mostrar spinner de carga" time="0.004">
    </testcase>
    <testcase classname="Dashboard Tests Rendering debe renderizar dashboard cuando carga exitosamente" name="Dashboard Tests Rendering debe renderizar dashboard cuando carga exitosamente" time="0.031">
    </testcase>
    <testcase classname="Dashboard Tests Rendering debe mostrar error cuando falla la carga" name="Dashboard Tests Rendering debe mostrar error cuando falla la carga" time="0.03">
    </testcase>
  </testsuite>
  <testsuite name="DashboardSidebar Component" errors="0" failures="0" skipped="0" timestamp="2026-02-06T13:47:22" time="0.218" tests="4">
    <testcase classname="DashboardSidebar Component debe renderizar todos los items del menú" name="DashboardSidebar Component debe renderizar todos los items del menú" time="0.006">
    </testcase>
    <testcase classname="DashboardSidebar Component debe marcar como activo el item seleccionado" name="DashboardSidebar Component debe marcar como activo el item seleccionado" time="0.003">
    </testcase>
    <testcase classname="DashboardSidebar Component debe llamar onSectionChange cuando se hace click en un item" name="DashboardSidebar Component debe llamar onSectionChange cuando se hace click en un item" time="0.031">
    </testcase>
    <testcase classname="DashboardSidebar Component debe renderizar iconos para cada sección" name="DashboardSidebar Component debe renderizar iconos para cada sección" time="0.003">
    </testcase>
  </testsuite>
  <testsuite name="SectionContent Component" errors="0" failures="0" skipped="0" timestamp="2026-02-06T13:47:22" time="0.168" tests="6">
    <testcase classname="SectionContent Component Rendering Routes should render CustomersSection when type is &apos;Clientes&apos;" name="SectionContent Component Rendering Routes should render CustomersSection when type is &apos;Clientes&apos;" time="0.002">
    </testcase>
    <testcase classname="SectionContent Component Rendering Routes should render Settings when type is &apos;Configuraciones&apos;" name="SectionContent Component Rendering Routes should render Settings when type is &apos;Configuraciones&apos;" time="0.005">
    </testcase>
    <testcase classname="SectionContent Component Rendering Routes should render ProductsSection when type is &apos;Productos&apos;" name="SectionContent Component Rendering Routes should render ProductsSection when type is &apos;Productos&apos;" time="0.001">
    </testcase>
    <testcase classname="SectionContent Component Rendering Routes should render SalesSection when type is &apos;Ventas&apos;" name="SectionContent Component Rendering Routes should render SalesSection when type is &apos;Ventas&apos;" time="0.001">
    </testcase>
    <testcase classname="SectionContent Component Rendering Routes should return null when type is unknown" name="SectionContent Component Rendering Routes should return null when type is unknown" time="0.001">
    </testcase>
    <testcase classname="SectionContent Component PropTypes Validation should have propTypes.type defined" name="SectionContent Component PropTypes Validation should have propTypes.type defined" time="0">
    </testcase>
  </testsuite>
  <testsuite name="DashboardOverview Component" errors="0" failures="0" skipped="0" timestamp="2026-02-06T13:47:22" time="0.158" tests="5">
    <testcase classname="DashboardOverview Component debe renderizar el componente" name="DashboardOverview Component debe renderizar el componente" time="0.003">
    </testcase>
    <testcase classname="DashboardOverview Component debe renderizar ProductSalesChart" name="DashboardOverview Component debe renderizar ProductSalesChart" time="0.002">
    </testcase>
    <testcase classname="DashboardOverview Component debe renderizar DailySalesChart" name="DashboardOverview Component debe renderizar DailySalesChart" time="0.001">
    </testcase>
    <testcase classname="DashboardOverview Component debe renderizar BranchSalesChart" name="DashboardOverview Component debe renderizar BranchSalesChart" time="0.001">
    </testcase>
    <testcase classname="DashboardOverview Component debe manejar datos vacíos correctamente" name="DashboardOverview Component debe manejar datos vacíos correctamente" time="0.001">
    </testcase>
  </testsuite>
  <testsuite name="SalesSummary Component" errors="0" failures="0" skipped="0" timestamp="2026-02-06T13:47:23" time="0.163" tests="5">
    <testcase classname="SalesSummary Component debe renderizar el componente" name="SalesSummary Component debe renderizar el componente" time="0.003">
    </testcase>
    <testcase classname="SalesSummary Component debe mostrar ventas diarias" name="SalesSummary Component debe mostrar ventas diarias" time="0.002">
    </testcase>
    <testcase classname="SalesSummary Component debe mostrar todas las métricas" name="SalesSummary Component debe mostrar todas las métricas" time="0.001">
    </testcase>
    <testcase classname="SalesSummary Component debe manejar datos vacíos correctamente" name="SalesSummary Component debe manejar datos vacíos correctamente" time="0.001">
    </testcase>
    <testcase classname="SalesSummary Component debe renderizar ticket promedio" name="SalesSummary Component debe renderizar ticket promedio" time="0.001">
    </testcase>
  </testsuite>
</testsuites>