<?xml version="1.0" encoding="UTF-8"?>
<testsuites name="jest tests" tests="223" failures="0" errors="0" time="7.748">
  <testsuite name="Unit Tests - Extended Coverage" errors="0" failures="0" skipped="0" timestamp="2026-02-06T04:30:45" time="2.975" tests="47">
    <testcase classname="Unit Tests - Extended Coverage Helpers - calculateProductStatus deve retornar &apos;En Stock&apos; para cantidad &gt; 20" name="Unit Tests - Extended Coverage Helpers - calculateProductStatus deve retornar &apos;En Stock&apos; para cantidad &gt; 20" time="0.048">
    </testcase>
    <testcase classname="Unit Tests - Extended Coverage Helpers - calculateProductStatus deve retornar &apos;En Stock&apos; para cantidad = 21" name="Unit Tests - Extended Coverage Helpers - calculateProductStatus deve retornar &apos;En Stock&apos; para cantidad = 21" time="0.005">
    </testcase>
    <testcase classname="Unit Tests - Extended Coverage Helpers - calculateProductStatus deve retornar &apos;Bajo Stock&apos; para quantidade entre 1-20" name="Unit Tests - Extended Coverage Helpers - calculateProductStatus deve retornar &apos;Bajo Stock&apos; para quantidade entre 1-20" time="0.002">
    </testcase>
    <testcase classname="Unit Tests - Extended Coverage Helpers - calculateProductStatus deve retornar &apos;Sin Stock&apos; para quantidade = 0" name="Unit Tests - Extended Coverage Helpers - calculateProductStatus deve retornar &apos;Sin Stock&apos; para quantidade = 0" time="0.002">
    </testcase>
    <testcase classname="Unit Tests - Extended Coverage Helpers - calculateProductStatus deve retornar &apos;Sin Stock&apos; para quantidade &lt; 0" name="Unit Tests - Extended Coverage Helpers - calculateProductStatus deve retornar &apos;Sin Stock&apos; para quantidade &lt; 0" time="0.002">
    </testcase>
    <testcase classname="Unit Tests - Extended Coverage Helpers - getNextProductId debe retornar ID siguiente" name="Unit Tests - Extended Coverage Helpers - getNextProductId debe retornar ID siguiente" time="0.001">
    </testcase>
    <testcase classname="Unit Tests - Extended Coverage Helpers - getNextProductId debe retornar 1 para array vacío" name="Unit Tests - Extended Coverage Helpers - getNextProductId debe retornar 1 para array vacío" time="0.001">
    </testcase>
    <testcase classname="Unit Tests - Extended Coverage Helpers - getNextProductId debe manejar IDs grandes" name="Unit Tests - Extended Coverage Helpers - getNextProductId debe manejar IDs grandes" time="0.001">
    </testcase>
    <testcase classname="Unit Tests - Extended Coverage Helpers - extractToken deve extraer token valido de header Bearer" name="Unit Tests - Extended Coverage Helpers - extractToken deve extraer token valido de header Bearer" time="0.003">
    </testcase>
    <testcase classname="Unit Tests - Extended Coverage Helpers - extractToken deve retornar null para header vacio" name="Unit Tests - Extended Coverage Helpers - extractToken deve retornar null para header vacio" time="0.002">
    </testcase>
    <testcase classname="Unit Tests - Extended Coverage Helpers - extractToken deve retornar null para header indefinido" name="Unit Tests - Extended Coverage Helpers - extractToken deve retornar null para header indefinido" time="0.001">
    </testcase>
    <testcase classname="Unit Tests - Extended Coverage Helpers - extractToken deve retornar null para header sin Bearer" name="Unit Tests - Extended Coverage Helpers - extractToken deve retornar null para header sin Bearer" time="0.001">
    </testcase>
    <testcase classname="Unit Tests - Extended Coverage Helpers - extractToken deve retornar null para header malformado" name="Unit Tests - Extended Coverage Helpers - extractToken deve retornar null para header malformado" time="0.001">
    </testcase>
    <testcase classname="Unit Tests - Extended Coverage Helpers - extractToken deve extraer token sin hacer trim" name="Unit Tests - Extended Coverage Helpers - extractToken deve extraer token sin hacer trim" time="0.005">
    </testcase>
    <testcase classname="Unit Tests - Extended Coverage Helpers - isValidToken debe validar token conocido &apos;valid_token&apos;" name="Unit Tests - Extended Coverage Helpers - isValidToken debe validar token conocido &apos;valid_token&apos;" time="0.001">
    </testcase>
    <testcase classname="Unit Tests - Extended Coverage Helpers - isValidToken debe validar tokens mock JWT" name="Unit Tests - Extended Coverage Helpers - isValidToken debe validar tokens mock JWT" time="0.002">
    </testcase>
    <testcase classname="Unit Tests - Extended Coverage Helpers - isValidToken debe validar tokens con prefijo user_" name="Unit Tests - Extended Coverage Helpers - isValidToken debe validar tokens con prefijo user_" time="0.001">
    </testcase>
    <testcase classname="Unit Tests - Extended Coverage Helpers - isValidToken deve retornar false para token invalido" name="Unit Tests - Extended Coverage Helpers - isValidToken deve retornar false para token invalido" time="0.002">
    </testcase>
    <testcase classname="Unit Tests - Extended Coverage Helpers - isValidToken deve retornar false para token vacio" name="Unit Tests - Extended Coverage Helpers - isValidToken deve retornar false para token vacio" time="0.001">
    </testcase>
    <testcase classname="Unit Tests - Extended Coverage Validators - validateProductCreate deve validar producto valido" name="Unit Tests - Extended Coverage Validators - validateProductCreate deve validar producto valido" time="0.002">
    </testcase>
    <testcase classname="Unit Tests - Extended Coverage Validators - validateProductCreate deve rejeitar producto sin campos requeridos" name="Unit Tests - Extended Coverage Validators - validateProductCreate deve rejeitar producto sin campos requeridos" time="0.002">
    </testcase>
    <testcase classname="Unit Tests - Extended Coverage Validators - validateProductCreate deve rejeitar producto con price no número" name="Unit Tests - Extended Coverage Validators - validateProductCreate deve rejeitar producto con price no número" time="0.003">
    </testcase>
    <testcase classname="Unit Tests - Extended Coverage Validators - validateProductCreate deve rejeitar producto con stock no número" name="Unit Tests - Extended Coverage Validators - validateProductCreate deve rejeitar producto con stock no número" time="0.001">
    </testcase>
    <testcase classname="Unit Tests - Extended Coverage Validators - validateProductCreate deve rejeitar precio negativo" name="Unit Tests - Extended Coverage Validators - validateProductCreate deve rejeitar precio negativo" time="0.001">
    </testcase>
    <testcase classname="Unit Tests - Extended Coverage Validators - validateProductCreate deve rejeitar stock negativo" name="Unit Tests - Extended Coverage Validators - validateProductCreate deve rejeitar stock negativo" time="0.001">
    </testcase>
    <testcase classname="Unit Tests - Extended Coverage Validators - validateProductCreate debe aceptar precio cero" name="Unit Tests - Extended Coverage Validators - validateProductCreate debe aceptar precio cero" time="0.001">
    </testcase>
    <testcase classname="Unit Tests - Extended Coverage Validators - validateProductCreate debe aceptar stock cero" name="Unit Tests - Extended Coverage Validators - validateProductCreate debe aceptar stock cero" time="0.002">
    </testcase>
    <testcase classname="Unit Tests - Extended Coverage Validators - validateProductUpdate deve validar actualización parcial" name="Unit Tests - Extended Coverage Validators - validateProductUpdate deve validar actualización parcial" time="0.002">
    </testcase>
    <testcase classname="Unit Tests - Extended Coverage Validators - validateProductUpdate deve validar actualización con precio" name="Unit Tests - Extended Coverage Validators - validateProductUpdate deve validar actualización con precio" time="0.001">
    </testcase>
    <testcase classname="Unit Tests - Extended Coverage Validators - validateProductUpdate deve validar actualización con stock" name="Unit Tests - Extended Coverage Validators - validateProductUpdate deve validar actualización con stock" time="0.001">
    </testcase>
    <testcase classname="Unit Tests - Extended Coverage Validators - validateProductUpdate deve rejeitar precio invalido en actualización" name="Unit Tests - Extended Coverage Validators - validateProductUpdate deve rejeitar precio invalido en actualización" time="0.001">
    </testcase>
    <testcase classname="Unit Tests - Extended Coverage Validators - validateProductUpdate deve rejeitar stock negativo en actualización" name="Unit Tests - Extended Coverage Validators - validateProductUpdate deve rejeitar stock negativo en actualización" time="0.001">
    </testcase>
    <testcase classname="Unit Tests - Extended Coverage Validators - validateProductUpdate deve aceptar objeto vacío (sin cambios)" name="Unit Tests - Extended Coverage Validators - validateProductUpdate deve aceptar objeto vacío (sin cambios)" time="0.001">
    </testcase>
    <testcase classname="Unit Tests - Extended Coverage Validators - validateProductUpdate deve validar múltiples campos en actualización" name="Unit Tests - Extended Coverage Validators - validateProductUpdate deve validar múltiples campos en actualización" time="0.001">
    </testcase>
    <testcase classname="Unit Tests - Extended Coverage Validators - validateLoginCredentials debe validar credenciales válidas" name="Unit Tests - Extended Coverage Validators - validateLoginCredentials debe validar credenciales válidas" time="0.002">
    </testcase>
    <testcase classname="Unit Tests - Extended Coverage Validators - validateLoginCredentials debe rejeitar sin username" name="Unit Tests - Extended Coverage Validators - validateLoginCredentials debe rejeitar sin username" time="0.001">
    </testcase>
    <testcase classname="Unit Tests - Extended Coverage Validators - validateLoginCredentials debe rejeitar sin password" name="Unit Tests - Extended Coverage Validators - validateLoginCredentials debe rejeitar sin password" time="0.001">
    </testcase>
    <testcase classname="Unit Tests - Extended Coverage Validators - validateLoginCredentials debe rejeitar username vacio" name="Unit Tests - Extended Coverage Validators - validateLoginCredentials debe rejeitar username vacio" time="0.001">
    </testcase>
    <testcase classname="Unit Tests - Extended Coverage Validators - validateLoginCredentials debe rejeitar password vacio" name="Unit Tests - Extended Coverage Validators - validateLoginCredentials debe rejeitar password vacio" time="0.001">
    </testcase>
    <testcase classname="Unit Tests - Extended Coverage Validators - validateLoginCredentials debe rejeitar si faltan ambos campos" name="Unit Tests - Extended Coverage Validators - validateLoginCredentials debe rejeitar si faltan ambos campos" time="0.001">
    </testcase>
    <testcase classname="Unit Tests - Extended Coverage Validators - validateLoginCredentials debe validar username y password con espacios" name="Unit Tests - Extended Coverage Validators - validateLoginCredentials debe validar username y password con espacios" time="0.001">
    </testcase>
    <testcase classname="Unit Tests - Extended Coverage Validators - validateLoginCredentials debe rejeitar si username no es string" name="Unit Tests - Extended Coverage Validators - validateLoginCredentials debe rejeitar si username no es string" time="0.001">
    </testcase>
    <testcase classname="Unit Tests - Extended Coverage Validators - validateLoginCredentials debe rejeitar si password no es string" name="Unit Tests - Extended Coverage Validators - validateLoginCredentials debe rejeitar si password no es string" time="0.001">
    </testcase>
    <testcase classname="Unit Tests - Extended Coverage Validators - Edge cases debe manejar objetos con propiedades adicionales en create" name="Unit Tests - Extended Coverage Validators - Edge cases debe manejar objetos con propiedades adicionales en create" time="0.001">
    </testcase>
    <testcase classname="Unit Tests - Extended Coverage Validators - Edge cases debe manejar objetos con propiedades adicionales en update" name="Unit Tests - Extended Coverage Validators - Edge cases debe manejar objetos con propiedades adicionales en update" time="0.001">
    </testcase>
    <testcase classname="Unit Tests - Extended Coverage Validators - Edge cases debe manejar valores 0 en precio" name="Unit Tests - Extended Coverage Validators - Edge cases debe manejar valores 0 en precio" time="0.001">
    </testcase>
    <testcase classname="Unit Tests - Extended Coverage Validators - Edge cases debe manejar valores 0 en stock" name="Unit Tests - Extended Coverage Validators - Edge cases debe manejar valores 0 en stock" time="0.001">
    </testcase>
  </testsuite>
  <testsuite name="Auth Middleware Tests - Extended Coverage" errors="0" failures="0" skipped="0" timestamp="2026-02-06T04:30:45" time="3.342" tests="13">
    <testcase classname="Auth Middleware Tests - Extended Coverage authenticateToken debe llamar next() cuando token es válido" name="Auth Middleware Tests - Extended Coverage authenticateToken debe llamar next() cuando token es válido" time="0.04">
    </testcase>
    <testcase classname="Auth Middleware Tests - Extended Coverage authenticateToken debe llamar next() para tokens mock JWT válidos" name="Auth Middleware Tests - Extended Coverage authenticateToken debe llamar next() para tokens mock JWT válidos" time="0.002">
    </testcase>
    <testcase classname="Auth Middleware Tests - Extended Coverage authenticateToken debe retornar 401 cuando no hay token" name="Auth Middleware Tests - Extended Coverage authenticateToken debe retornar 401 cuando no hay token" time="0.009">
    </testcase>
    <testcase classname="Auth Middleware Tests - Extended Coverage authenticateToken debe retornar 401 cuando token está vacío" name="Auth Middleware Tests - Extended Coverage authenticateToken debe retornar 401 cuando token está vacío" time="0.004">
    </testcase>
    <testcase classname="Auth Middleware Tests - Extended Coverage authenticateToken debe retornar 401 cuando token es inválido" name="Auth Middleware Tests - Extended Coverage authenticateToken debe retornar 401 cuando token es inválido" time="0.005">
    </testcase>
    <testcase classname="Auth Middleware Tests - Extended Coverage authenticateToken debe retornar 401 cuando header no tiene Bearer" name="Auth Middleware Tests - Extended Coverage authenticateToken debe retornar 401 cuando header no tiene Bearer" time="0.004">
    </testcase>
    <testcase classname="Auth Middleware Tests - Extended Coverage authenticateToken debe manejar header de autorización malformado" name="Auth Middleware Tests - Extended Coverage authenticateToken debe manejar header de autorización malformado" time="0.005">
    </testcase>
    <testcase classname="Auth Middleware Tests - Extended Coverage authenticateToken debe ser case-sensitive para Bearer" name="Auth Middleware Tests - Extended Coverage authenticateToken debe ser case-sensitive para Bearer" time="0.002">
    </testcase>
    <testcase classname="Auth Middleware Tests - Extended Coverage authenticateToken debe extraer token sin trim automático" name="Auth Middleware Tests - Extended Coverage authenticateToken debe extraer token sin trim automático" time="0.002">
    </testcase>
    <testcase classname="Auth Middleware Tests - Extended Coverage errorHandler debe manejar errores y retornar 500" name="Auth Middleware Tests - Extended Coverage errorHandler debe manejar errores y retornar 500" time="0.339">
    </testcase>
    <testcase classname="Auth Middleware Tests - Extended Coverage errorHandler debe retornar mensaje genérico en producción" name="Auth Middleware Tests - Extended Coverage errorHandler debe retornar mensaje genérico en producción" time="0.021">
    </testcase>
    <testcase classname="Auth Middleware Tests - Extended Coverage errorHandler debe retornar mensaje de error en desarrollo" name="Auth Middleware Tests - Extended Coverage errorHandler debe retornar mensaje de error en desarrollo" time="0.026">
    </testcase>
    <testcase classname="Auth Middleware Tests - Extended Coverage notFoundHandler debe retornar 404 para rutas no encontradas" name="Auth Middleware Tests - Extended Coverage notFoundHandler debe retornar 404 para rutas no encontradas" time="0.005">
    </testcase>
  </testsuite>
  <testsuite name="Index.js Module Tests" errors="0" failures="0" skipped="0" timestamp="2026-02-06T04:30:45" time="4.667" tests="3">
    <testcase classname="Index.js Module Tests should require and execute index.js code" name="Index.js Module Tests should require and execute index.js code" time="0.099">
    </testcase>
    <testcase classname="Index.js Module Tests should handle PORT environment variable" name="Index.js Module Tests should handle PORT environment variable" time="0.005">
    </testcase>
    <testcase classname="Index.js Module Tests should export the app instance" name="Index.js Module Tests should export the app instance" time="0.008">
    </testcase>
  </testsuite>
  <testsuite name="Unit Tests - App Components" errors="0" failures="0" skipped="0" timestamp="2026-02-06T04:30:45" time="4.723" tests="28">
    <testcase classname="Unit Tests - App Components Mock Data Validation mockData should have correct structure" name="Unit Tests - App Components Mock Data Validation mockData should have correct structure" time="0.043">
    </testcase>
    <testcase classname="Unit Tests - App Components Mock Data Validation dailySales should be a string" name="Unit Tests - App Components Mock Data Validation dailySales should be a string" time="0.002">
    </testcase>
    <testcase classname="Unit Tests - App Components Mock Data Validation branchSales should be valid array" name="Unit Tests - App Components Mock Data Validation branchSales should be valid array" time="0.017">
    </testcase>
    <testcase classname="Unit Tests - App Components Mock Data Validation salesTrend should be valid array" name="Unit Tests - App Components Mock Data Validation salesTrend should be valid array" time="0.056">
    </testcase>
    <testcase classname="Unit Tests - App Components Mock Data Validation productSales should be valid array" name="Unit Tests - App Components Mock Data Validation productSales should be valid array" time="0.014">
    </testcase>
    <testcase classname="Unit Tests - App Components Mock Data Validation should have expected number of data points" name="Unit Tests - App Components Mock Data Validation should have expected number of data points" time="0.003">
    </testcase>
    <testcase classname="Unit Tests - App Components Mock Data Validation branch sales values should sum to 100" name="Unit Tests - App Components Mock Data Validation branch sales values should sum to 100" time="0.004">
    </testcase>
    <testcase classname="Unit Tests - App Components Users Data Validation users should be valid array" name="Unit Tests - App Components Users Data Validation users should be valid array" time="0.001">
    </testcase>
    <testcase classname="Unit Tests - App Components Users Data Validation each user should have required properties" name="Unit Tests - App Components Users Data Validation each user should have required properties" time="0.013">
    </testcase>
    <testcase classname="Unit Tests - App Components Users Data Validation user IDs should be unique" name="Unit Tests - App Components Users Data Validation user IDs should be unique" time="0.001">
    </testcase>
    <testcase classname="Unit Tests - App Components Users Data Validation usernames should be unique" name="Unit Tests - App Components Users Data Validation usernames should be unique" time="0.001">
    </testcase>
    <testcase classname="Unit Tests - App Components Users Data Validation should include expected test users" name="Unit Tests - App Components Users Data Validation should include expected test users" time="0.003">
    </testcase>
    <testcase classname="Unit Tests - App Components Users Data Validation admin user should exist with correct properties" name="Unit Tests - App Components Users Data Validation admin user should exist with correct properties" time="0.002">
    </testcase>
    <testcase classname="Unit Tests - App Components Users Data Validation demo user should exist with correct properties" name="Unit Tests - App Components Users Data Validation demo user should exist with correct properties" time="0.003">
    </testcase>
    <testcase classname="Unit Tests - App Components App Creation createApp should return Express app instance" name="Unit Tests - App Components App Creation createApp should return Express app instance" time="0.01">
    </testcase>
    <testcase classname="Unit Tests - App Components App Creation createApp should create independent app instances" name="Unit Tests - App Components App Creation createApp should create independent app instances" time="0.006">
    </testcase>
    <testcase classname="Unit Tests - App Components App Creation app should have required middleware" name="Unit Tests - App Components App Creation app should have required middleware" time="0.003">
    </testcase>
    <testcase classname="Unit Tests - App Components Data Calculations sales trend should have realistic values" name="Unit Tests - App Components Data Calculations sales trend should have realistic values" time="0.006">
    </testcase>
    <testcase classname="Unit Tests - App Components Data Calculations product quantities should be realistic" name="Unit Tests - App Components Data Calculations product quantities should be realistic" time="0.003">
    </testcase>
    <testcase classname="Unit Tests - App Components Data Calculations branch sales percentages should be valid" name="Unit Tests - App Components Data Calculations branch sales percentages should be valid" time="0.004">
    </testcase>
    <testcase classname="Unit Tests - App Components Data Consistency should have all days of the week in sales trend" name="Unit Tests - App Components Data Consistency should have all days of the week in sales trend" time="0.004">
    </testcase>
    <testcase classname="Unit Tests - App Components Data Consistency branch names should be descriptive" name="Unit Tests - App Components Data Consistency branch names should be descriptive" time="0.006">
    </testcase>
    <testcase classname="Unit Tests - App Components Data Consistency product names should follow pattern" name="Unit Tests - App Components Data Consistency product names should follow pattern" time="0.002">
    </testcase>
    <testcase classname="Unit Tests - App Components Helper Functions users finder should work correctly" name="Unit Tests - App Components Helper Functions users finder should work correctly" time="0.002">
    </testcase>
    <testcase classname="Unit Tests - App Components Helper Functions token generation should be consistent" name="Unit Tests - App Components Helper Functions token generation should be consistent" time="0.001">
    </testcase>
    <testcase classname="Unit Tests - App Components Helper Functions user data sanitization" name="Unit Tests - App Components Helper Functions user data sanitization" time="0.002">
    </testcase>
    <testcase classname="Unit Tests - App Components Timestamp Generation should generate valid ISO timestamps" name="Unit Tests - App Components Timestamp Generation should generate valid ISO timestamps" time="0.001">
    </testcase>
    <testcase classname="Unit Tests - App Components Timestamp Generation timestamps should be recent" name="Unit Tests - App Components Timestamp Generation timestamps should be recent" time="0.001">
    </testcase>
  </testsuite>
  <testsuite name="CORS Configuration Tests" errors="0" failures="0" skipped="0" timestamp="2026-02-06T04:30:45" time="5.662" tests="15">
    <testcase classname="CORS Configuration Tests Default CORS Origins should allow localhost:3000 origin" name="CORS Configuration Tests Default CORS Origins should allow localhost:3000 origin" time="0.185">
    </testcase>
    <testcase classname="CORS Configuration Tests Default CORS Origins should allow localhost:4000 origin" name="CORS Configuration Tests Default CORS Origins should allow localhost:4000 origin" time="0.025">
    </testcase>
    <testcase classname="CORS Configuration Tests Default CORS Origins should allow Vercel app domain" name="CORS Configuration Tests Default CORS Origins should allow Vercel app domain" time="0.02">
    </testcase>
    <testcase classname="CORS Configuration Tests Default CORS Origins should allow Vercel subdomain" name="CORS Configuration Tests Default CORS Origins should allow Vercel subdomain" time="0.018">
    </testcase>
    <testcase classname="CORS Configuration Tests Environment Variable CORS Origins should allow origins from ALLOWED_ORIGINS env variable" name="CORS Configuration Tests Environment Variable CORS Origins should allow origins from ALLOWED_ORIGINS env variable" time="0.017">
    </testcase>
    <testcase classname="CORS Configuration Tests Environment Variable CORS Origins should allow multiple origins from ALLOWED_ORIGINS (comma-separated)" name="CORS Configuration Tests Environment Variable CORS Origins should allow multiple origins from ALLOWED_ORIGINS (comma-separated)" time="0.024">
    </testcase>
    <testcase classname="CORS Configuration Tests Environment Variable CORS Origins should handle ALLOWED_ORIGINS with extra whitespace" name="CORS Configuration Tests Environment Variable CORS Origins should handle ALLOWED_ORIGINS with extra whitespace" time="0.018">
    </testcase>
    <testcase classname="CORS Configuration Tests Environment Variable CORS Origins should combine env origins with default localhost origins" name="CORS Configuration Tests Environment Variable CORS Origins should combine env origins with default localhost origins" time="0.045">
    </testcase>
    <testcase classname="CORS Configuration Tests CORS Preflight Requests should handle OPTIONS preflight for allowed origin" name="CORS Configuration Tests CORS Preflight Requests should handle OPTIONS preflight for allowed origin" time="0.02">
    </testcase>
    <testcase classname="CORS Configuration Tests CORS Preflight Requests should include credentials in CORS headers" name="CORS Configuration Tests CORS Preflight Requests should include credentials in CORS headers" time="0.019">
    </testcase>
    <testcase classname="CORS Configuration Tests Requests without Origin header should allow requests without Origin header (curl, mobile apps)" name="CORS Configuration Tests Requests without Origin header should allow requests without Origin header (curl, mobile apps)" time="0.017">
    </testcase>
    <testcase classname="CORS Configuration Tests CORS Error Handling should block and log warning for non-whitelisted origin" name="CORS Configuration Tests CORS Error Handling should block and log warning for non-whitelisted origin" time="0.02">
    </testcase>
    <testcase classname="CORS Configuration Tests CORS Error Handling should not expose CORS errors in production responses" name="CORS Configuration Tests CORS Error Handling should not expose CORS errors in production responses" time="0.086">
    </testcase>
    <testcase classname="CORS Configuration Tests CORS with Authentication Endpoints should allow authenticated requests from trusted origin" name="CORS Configuration Tests CORS with Authentication Endpoints should allow authenticated requests from trusted origin" time="0.022">
    </testcase>
    <testcase classname="CORS Configuration Tests CORS with Authentication Endpoints should allow dashboard access from trusted origin" name="CORS Configuration Tests CORS with Authentication Endpoints should allow dashboard access from trusted origin" time="0.036">
    </testcase>
  </testsuite>
  <testsuite name="Products CRUD Endpoints" errors="0" failures="0" skipped="0" timestamp="2026-02-06T04:30:45" time="5.946" tests="22">
    <testcase classname="Products CRUD Endpoints GET /api/products - Listar Productos debe obtener lista de todos los productos" name="Products CRUD Endpoints GET /api/products - Listar Productos debe obtener lista de todos los productos" time="0.245">
    </testcase>
    <testcase classname="Products CRUD Endpoints GET /api/products - Listar Productos debe filtrar productos por búsqueda" name="Products CRUD Endpoints GET /api/products - Listar Productos debe filtrar productos por búsqueda" time="0.03">
    </testcase>
    <testcase classname="Products CRUD Endpoints GET /api/products - Listar Productos debe filtrar productos por categoría" name="Products CRUD Endpoints GET /api/products - Listar Productos debe filtrar productos por categoría" time="0.029">
    </testcase>
    <testcase classname="Products CRUD Endpoints GET /api/products - Listar Productos debe ordenar productos por precio" name="Products CRUD Endpoints GET /api/products - Listar Productos debe ordenar productos por precio" time="0.022">
    </testcase>
    <testcase classname="Products CRUD Endpoints GET /api/products - Listar Productos debe ordenar productos por stock" name="Products CRUD Endpoints GET /api/products - Listar Productos debe ordenar productos por stock" time="0.024">
    </testcase>
    <testcase classname="Products CRUD Endpoints GET /api/products - Listar Productos debe ordenar productos por ventas" name="Products CRUD Endpoints GET /api/products - Listar Productos debe ordenar productos por ventas" time="0.03">
    </testcase>
    <testcase classname="Products CRUD Endpoints GET /api/products - Listar Productos debe ordenar productos por nombre (default)" name="Products CRUD Endpoints GET /api/products - Listar Productos debe ordenar productos por nombre (default)" time="0.024">
    </testcase>
    <testcase classname="Products CRUD Endpoints GET /api/products - Listar Productos debe retornar array vacío para búsqueda sin coincidencias" name="Products CRUD Endpoints GET /api/products - Listar Productos debe retornar array vacío para búsqueda sin coincidencias" time="0.02">
    </testcase>
    <testcase classname="Products CRUD Endpoints GET /api/products/:id - Obtener Producto debe obtener un producto por ID" name="Products CRUD Endpoints GET /api/products/:id - Obtener Producto debe obtener un producto por ID" time="0.023">
    </testcase>
    <testcase classname="Products CRUD Endpoints GET /api/products/:id - Obtener Producto debe retornar 404 para ID inexistente" name="Products CRUD Endpoints GET /api/products/:id - Obtener Producto debe retornar 404 para ID inexistente" time="0.021">
    </testcase>
    <testcase classname="Products CRUD Endpoints POST /api/products - Crear Producto debe crear un nuevo producto" name="Products CRUD Endpoints POST /api/products - Crear Producto debe crear un nuevo producto" time="0.082">
    </testcase>
    <testcase classname="Products CRUD Endpoints POST /api/products - Crear Producto debe validar campos requeridos" name="Products CRUD Endpoints POST /api/products - Crear Producto debe validar campos requeridos" time="0.02">
    </testcase>
    <testcase classname="Products CRUD Endpoints PUT /api/products/:id - Actualizar Producto debe actualizar un producto existente" name="Products CRUD Endpoints PUT /api/products/:id - Actualizar Producto debe actualizar un producto existente" time="0.018">
    </testcase>
    <testcase classname="Products CRUD Endpoints PUT /api/products/:id - Actualizar Producto debe actualizar solo el nombre" name="Products CRUD Endpoints PUT /api/products/:id - Actualizar Producto debe actualizar solo el nombre" time="0.019">
    </testcase>
    <testcase classname="Products CRUD Endpoints PUT /api/products/:id - Actualizar Producto debe actualizar solo el precio" name="Products CRUD Endpoints PUT /api/products/:id - Actualizar Producto debe actualizar solo el precio" time="0.017">
    </testcase>
    <testcase classname="Products CRUD Endpoints PUT /api/products/:id - Actualizar Producto debe actualizar solo el stock" name="Products CRUD Endpoints PUT /api/products/:id - Actualizar Producto debe actualizar solo el stock" time="0.018">
    </testcase>
    <testcase classname="Products CRUD Endpoints PUT /api/products/:id - Actualizar Producto debe actualizar solo la categoría" name="Products CRUD Endpoints PUT /api/products/:id - Actualizar Producto debe actualizar solo la categoría" time="0.018">
    </testcase>
    <testcase classname="Products CRUD Endpoints PUT /api/products/:id - Actualizar Producto debe actualizar múltiples campos" name="Products CRUD Endpoints PUT /api/products/:id - Actualizar Producto debe actualizar múltiples campos" time="0.014">
    </testcase>
    <testcase classname="Products CRUD Endpoints PUT /api/products/:id - Actualizar Producto debe validar en actualización" name="Products CRUD Endpoints PUT /api/products/:id - Actualizar Producto debe validar en actualización" time="0.018">
    </testcase>
    <testcase classname="Products CRUD Endpoints PUT /api/products/:id - Actualizar Producto debe retornar 404 para ID inexistente" name="Products CRUD Endpoints PUT /api/products/:id - Actualizar Producto debe retornar 404 para ID inexistente" time="0.017">
    </testcase>
    <testcase classname="Products CRUD Endpoints DELETE /api/products/:id - Eliminar Producto debe eliminar un producto" name="Products CRUD Endpoints DELETE /api/products/:id - Eliminar Producto debe eliminar un producto" time="0.01">
    </testcase>
    <testcase classname="Products CRUD Endpoints DELETE /api/products/:id - Eliminar Producto debe retornar 404 para ID inexistente" name="Products CRUD Endpoints DELETE /api/products/:id - Eliminar Producto debe retornar 404 para ID inexistente" time="0.013">
    </testcase>
  </testsuite>
  <testsuite name="Additional API Coverage Tests" errors="0" failures="0" skipped="0" timestamp="2026-02-06T04:30:45" time="5.962" tests="26">
    <testcase classname="Additional API Coverage Tests Authentication Edge Cases should fail with valid format but non-existent user token" name="Additional API Coverage Tests Authentication Edge Cases should fail with valid format but non-existent user token" time="0.175">
    </testcase>
    <testcase classname="Additional API Coverage Tests Authentication Edge Cases should fail with zero user ID token" name="Additional API Coverage Tests Authentication Edge Cases should fail with zero user ID token" time="0.022">
    </testcase>
    <testcase classname="Additional API Coverage Tests Authentication Edge Cases should handle negative user ID token" name="Additional API Coverage Tests Authentication Edge Cases should handle negative user ID token" time="0.019">
    </testcase>
    <testcase classname="Additional API Coverage Tests Login Edge Cases should handle very long usernames" name="Additional API Coverage Tests Login Edge Cases should handle very long usernames" time="0.071">
    </testcase>
    <testcase classname="Additional API Coverage Tests Login Edge Cases should handle special characters in credentials" name="Additional API Coverage Tests Login Edge Cases should handle special characters in credentials" time="0.025">
    </testcase>
    <testcase classname="Additional API Coverage Tests Login Edge Cases should handle null username" name="Additional API Coverage Tests Login Edge Cases should handle null username" time="0.018">
    </testcase>
    <testcase classname="Additional API Coverage Tests Login Edge Cases should handle null password" name="Additional API Coverage Tests Login Edge Cases should handle null password" time="0.024">
    </testcase>
    <testcase classname="Additional API Coverage Tests Login Edge Cases should handle number as username" name="Additional API Coverage Tests Login Edge Cases should handle number as username" time="0.018">
    </testcase>
    <testcase classname="Additional API Coverage Tests Login Edge Cases should handle number as password" name="Additional API Coverage Tests Login Edge Cases should handle number as password" time="0.025">
    </testcase>
    <testcase classname="Additional API Coverage Tests Login Edge Cases should handle boolean as username" name="Additional API Coverage Tests Login Edge Cases should handle boolean as username" time="0.024">
    </testcase>
    <testcase classname="Additional API Coverage Tests Login Edge Cases should handle boolean as password" name="Additional API Coverage Tests Login Edge Cases should handle boolean as password" time="0.02">
    </testcase>
    <testcase classname="Additional API Coverage Tests Login Edge Cases should handle object as username" name="Additional API Coverage Tests Login Edge Cases should handle object as username" time="0.02">
    </testcase>
    <testcase classname="Additional API Coverage Tests Login Edge Cases should handle object as password" name="Additional API Coverage Tests Login Edge Cases should handle object as password" time="0.017">
    </testcase>
    <testcase classname="Additional API Coverage Tests Login Edge Cases should handle array as username" name="Additional API Coverage Tests Login Edge Cases should handle array as username" time="0.018">
    </testcase>
    <testcase classname="Additional API Coverage Tests Login Edge Cases should handle array as password" name="Additional API Coverage Tests Login Edge Cases should handle array as password" time="0.016">
    </testcase>
    <testcase classname="Additional API Coverage Tests Dashboard Data Edge Cases should handle malformed Bearer token in dashboard" name="Additional API Coverage Tests Dashboard Data Edge Cases should handle malformed Bearer token in dashboard" time="0.02">
    </testcase>
    <testcase classname="Additional API Coverage Tests Dashboard Data Edge Cases should handle non-existent user in dashboard token" name="Additional API Coverage Tests Dashboard Data Edge Cases should handle non-existent user in dashboard token" time="0.021">
    </testcase>
    <testcase classname="Additional API Coverage Tests Dashboard Data Edge Cases should handle zero user ID in dashboard token" name="Additional API Coverage Tests Dashboard Data Edge Cases should handle zero user ID in dashboard token" time="0.02">
    </testcase>
    <testcase classname="Additional API Coverage Tests Additional Security Tests should handle empty string credentials" name="Additional API Coverage Tests Additional Security Tests should handle empty string credentials" time="0.015">
    </testcase>
    <testcase classname="Additional API Coverage Tests Additional Security Tests should handle whitespace-only credentials" name="Additional API Coverage Tests Additional Security Tests should handle whitespace-only credentials" time="0.019">
    </testcase>
    <testcase classname="Additional API Coverage Tests Additional Security Tests should handle mixed whitespace credentials" name="Additional API Coverage Tests Additional Security Tests should handle mixed whitespace credentials" time="0.02">
    </testcase>
    <testcase classname="Additional API Coverage Tests Stress and Performance Tests should handle rapid successive login attempts" name="Additional API Coverage Tests Stress and Performance Tests should handle rapid successive login attempts" time="0.061">
    </testcase>
    <testcase classname="Additional API Coverage Tests Stress and Performance Tests should handle rapid dashboard requests with different tokens" name="Additional API Coverage Tests Stress and Performance Tests should handle rapid dashboard requests with different tokens" time="0.034">
    </testcase>
    <testcase classname="Additional API Coverage Tests Data Validation Tests should return consistent dashboard data structure" name="Additional API Coverage Tests Data Validation Tests should return consistent dashboard data structure" time="0.019">
    </testcase>
    <testcase classname="Additional API Coverage Tests Data Validation Tests should return valid timestamp in dashboard data" name="Additional API Coverage Tests Data Validation Tests should return valid timestamp in dashboard data" time="0.016">
    </testcase>
    <testcase classname="Additional API Coverage Tests Data Validation Tests should return consistent user data structure in auth/me" name="Additional API Coverage Tests Data Validation Tests should return consistent user data structure in auth/me" time="0.013">
    </testcase>
  </testsuite>
  <testsuite name="Customers CRUD Endpoints" errors="0" failures="0" skipped="0" timestamp="2026-02-06T04:30:45" time="6.239" tests="37">
    <testcase classname="Customers CRUD Endpoints GET /api/customers - Listar Clientes debe obtener lista de todos los clientes" name="Customers CRUD Endpoints GET /api/customers - Listar Clientes debe obtener lista de todos los clientes" time="0.288">
    </testcase>
    <testcase classname="Customers CRUD Endpoints GET /api/customers - Listar Clientes debe filtrar clientes por búsqueda de nombre" name="Customers CRUD Endpoints GET /api/customers - Listar Clientes debe filtrar clientes por búsqueda de nombre" time="0.034">
    </testcase>
    <testcase classname="Customers CRUD Endpoints GET /api/customers - Listar Clientes debe filtrar clientes por búsqueda de email" name="Customers CRUD Endpoints GET /api/customers - Listar Clientes debe filtrar clientes por búsqueda de email" time="0.019">
    </testcase>
    <testcase classname="Customers CRUD Endpoints GET /api/customers - Listar Clientes debe filtrar clientes por estado" name="Customers CRUD Endpoints GET /api/customers - Listar Clientes debe filtrar clientes por estado" time="0.019">
    </testcase>
    <testcase classname="Customers CRUD Endpoints GET /api/customers - Listar Clientes debe ordenar clientes por nombre" name="Customers CRUD Endpoints GET /api/customers - Listar Clientes debe ordenar clientes por nombre" time="0.022">
    </testcase>
    <testcase classname="Customers CRUD Endpoints GET /api/customers - Listar Clientes debe ordenar clientes por email" name="Customers CRUD Endpoints GET /api/customers - Listar Clientes debe ordenar clientes por email" time="0.031">
    </testcase>
    <testcase classname="Customers CRUD Endpoints GET /api/customers - Listar Clientes debe ordenar clientes por gasto total (spending)" name="Customers CRUD Endpoints GET /api/customers - Listar Clientes debe ordenar clientes por gasto total (spending)" time="0.027">
    </testcase>
    <testcase classname="Customers CRUD Endpoints GET /api/customers - Listar Clientes debe ordenar clientes por número de compras" name="Customers CRUD Endpoints GET /api/customers - Listar Clientes debe ordenar clientes por número de compras" time="0.024">
    </testcase>
    <testcase classname="Customers CRUD Endpoints GET /api/customers - Listar Clientes debe ordenar clientes por fecha de registro" name="Customers CRUD Endpoints GET /api/customers - Listar Clientes debe ordenar clientes por fecha de registro" time="0.022">
    </testcase>
    <testcase classname="Customers CRUD Endpoints GET /api/customers - Listar Clientes debe retornar array vacío para búsqueda sin coincidencias" name="Customers CRUD Endpoints GET /api/customers - Listar Clientes debe retornar array vacío para búsqueda sin coincidencias" time="0.02">
    </testcase>
    <testcase classname="Customers CRUD Endpoints GET /api/customers - Listar Clientes debe combinar búsqueda y filtro de estado" name="Customers CRUD Endpoints GET /api/customers - Listar Clientes debe combinar búsqueda y filtro de estado" time="0.019">
    </testcase>
    <testcase classname="Customers CRUD Endpoints GET /api/customers/:id - Obtener Cliente debe obtener un cliente por ID" name="Customers CRUD Endpoints GET /api/customers/:id - Obtener Cliente debe obtener un cliente por ID" time="0.021">
    </testcase>
    <testcase classname="Customers CRUD Endpoints GET /api/customers/:id - Obtener Cliente debe validar que el cliente tenga todos los campos requeridos" name="Customers CRUD Endpoints GET /api/customers/:id - Obtener Cliente debe validar que el cliente tenga todos los campos requeridos" time="0.024">
    </testcase>
    <testcase classname="Customers CRUD Endpoints GET /api/customers/:id - Obtener Cliente debe retornar 404 para ID inexistente" name="Customers CRUD Endpoints GET /api/customers/:id - Obtener Cliente debe retornar 404 para ID inexistente" time="0.023">
    </testcase>
    <testcase classname="Customers CRUD Endpoints POST /api/customers - Crear Cliente debe crear un nuevo cliente" name="Customers CRUD Endpoints POST /api/customers - Crear Cliente debe crear un nuevo cliente" time="0.079">
    </testcase>
    <testcase classname="Customers CRUD Endpoints POST /api/customers - Crear Cliente debe validar que el nombre es requerido" name="Customers CRUD Endpoints POST /api/customers - Crear Cliente debe validar que el nombre es requerido" time="0.018">
    </testcase>
    <testcase classname="Customers CRUD Endpoints POST /api/customers - Crear Cliente debe validar que el email es requerido" name="Customers CRUD Endpoints POST /api/customers - Crear Cliente debe validar que el email es requerido" time="0.017">
    </testcase>
    <testcase classname="Customers CRUD Endpoints POST /api/customers - Crear Cliente debe validar que el teléfono es requerido" name="Customers CRUD Endpoints POST /api/customers - Crear Cliente debe validar que el teléfono es requerido" time="0.014">
    </testcase>
    <testcase classname="Customers CRUD Endpoints POST /api/customers - Crear Cliente debe validar formato de email" name="Customers CRUD Endpoints POST /api/customers - Crear Cliente debe validar formato de email" time="0.016">
    </testcase>
    <testcase classname="Customers CRUD Endpoints POST /api/customers - Crear Cliente debe validar longitud de teléfono (mínimo 10 caracteres)" name="Customers CRUD Endpoints POST /api/customers - Crear Cliente debe validar longitud de teléfono (mínimo 10 caracteres)" time="0.019">
    </testcase>
    <testcase classname="Customers CRUD Endpoints POST /api/customers - Crear Cliente debe asignar ID automáticamente al crear" name="Customers CRUD Endpoints POST /api/customers - Crear Cliente debe asignar ID automáticamente al crear" time="0.018">
    </testcase>
    <testcase classname="Customers CRUD Endpoints POST /api/customers - Crear Cliente debe establecer fecha de registro al crear" name="Customers CRUD Endpoints POST /api/customers - Crear Cliente debe establecer fecha de registro al crear" time="0.015">
    </testcase>
    <testcase classname="Customers CRUD Endpoints PUT /api/customers/:id - Actualizar Cliente debe actualizar un cliente existente" name="Customers CRUD Endpoints PUT /api/customers/:id - Actualizar Cliente debe actualizar un cliente existente" time="0.019">
    </testcase>
    <testcase classname="Customers CRUD Endpoints PUT /api/customers/:id - Actualizar Cliente debe actualizar solo el nombre" name="Customers CRUD Endpoints PUT /api/customers/:id - Actualizar Cliente debe actualizar solo el nombre" time="0.02">
    </testcase>
    <testcase classname="Customers CRUD Endpoints PUT /api/customers/:id - Actualizar Cliente debe actualizar solo el email" name="Customers CRUD Endpoints PUT /api/customers/:id - Actualizar Cliente debe actualizar solo el email" time="0.018">
    </testcase>
    <testcase classname="Customers CRUD Endpoints PUT /api/customers/:id - Actualizar Cliente debe actualizar solo el teléfono" name="Customers CRUD Endpoints PUT /api/customers/:id - Actualizar Cliente debe actualizar solo el teléfono" time="0.011">
    </testcase>
    <testcase classname="Customers CRUD Endpoints PUT /api/customers/:id - Actualizar Cliente debe actualizar solo la ciudad" name="Customers CRUD Endpoints PUT /api/customers/:id - Actualizar Cliente debe actualizar solo la ciudad" time="0.013">
    </testcase>
    <testcase classname="Customers CRUD Endpoints PUT /api/customers/:id - Actualizar Cliente debe actualizar solo el estado" name="Customers CRUD Endpoints PUT /api/customers/:id - Actualizar Cliente debe actualizar solo el estado" time="0.017">
    </testcase>
    <testcase classname="Customers CRUD Endpoints PUT /api/customers/:id - Actualizar Cliente debe actualizar múltiples campos" name="Customers CRUD Endpoints PUT /api/customers/:id - Actualizar Cliente debe actualizar múltiples campos" time="0.017">
    </testcase>
    <testcase classname="Customers CRUD Endpoints PUT /api/customers/:id - Actualizar Cliente debe validar email en actualización" name="Customers CRUD Endpoints PUT /api/customers/:id - Actualizar Cliente debe validar email en actualización" time="0.014">
    </testcase>
    <testcase classname="Customers CRUD Endpoints PUT /api/customers/:id - Actualizar Cliente debe validar teléfono en actualización" name="Customers CRUD Endpoints PUT /api/customers/:id - Actualizar Cliente debe validar teléfono en actualización" time="0.009">
    </testcase>
    <testcase classname="Customers CRUD Endpoints PUT /api/customers/:id - Actualizar Cliente debe retornar 404 para ID inexistente" name="Customers CRUD Endpoints PUT /api/customers/:id - Actualizar Cliente debe retornar 404 para ID inexistente" time="0.016">
    </testcase>
    <testcase classname="Customers CRUD Endpoints PUT /api/customers/:id - Actualizar Cliente no debe actualizar el ID del cliente" name="Customers CRUD Endpoints PUT /api/customers/:id - Actualizar Cliente no debe actualizar el ID del cliente" time="0.014">
    </testcase>
    <testcase classname="Customers CRUD Endpoints DELETE /api/customers/:id - Eliminar Cliente debe eliminar un cliente" name="Customers CRUD Endpoints DELETE /api/customers/:id - Eliminar Cliente debe eliminar un cliente" time="0.013">
    </testcase>
    <testcase classname="Customers CRUD Endpoints DELETE /api/customers/:id - Eliminar Cliente debe retornar el cliente eliminado" name="Customers CRUD Endpoints DELETE /api/customers/:id - Eliminar Cliente debe retornar el cliente eliminado" time="0.014">
    </testcase>
    <testcase classname="Customers CRUD Endpoints DELETE /api/customers/:id - Eliminar Cliente debe retornar 404 para ID inexistente" name="Customers CRUD Endpoints DELETE /api/customers/:id - Eliminar Cliente debe retornar 404 para ID inexistente" time="0.014">
    </testcase>
    <testcase classname="Customers CRUD Endpoints DELETE /api/customers/:id - Eliminar Cliente no debe permitir acceder a cliente eliminado" name="Customers CRUD Endpoints DELETE /api/customers/:id - Eliminar Cliente no debe permitir acceder a cliente eliminado" time="0.025">
    </testcase>
  </testsuite>
  <testsuite name="Backend API Tests" errors="0" failures="0" skipped="0" timestamp="2026-02-06T04:30:45" time="6.407" tests="32">
    <testcase classname="Backend API Tests Health Check Endpoint GET /health - should return status ok" name="Backend API Tests Health Check Endpoint GET /health - should return status ok" time="0.197">
    </testcase>
    <testcase classname="Backend API Tests Health Check Endpoint GET /health - should return valid timestamp" name="Backend API Tests Health Check Endpoint GET /health - should return valid timestamp" time="0.02">
    </testcase>
    <testcase classname="Backend API Tests Authentication Endpoints POST /api/auth/login should login successfully with valid credentials" name="Backend API Tests Authentication Endpoints POST /api/auth/login should login successfully with valid credentials" time="0.076">
    </testcase>
    <testcase classname="Backend API Tests Authentication Endpoints POST /api/auth/login should login admin user successfully" name="Backend API Tests Authentication Endpoints POST /api/auth/login should login admin user successfully" time="0.016">
    </testcase>
    <testcase classname="Backend API Tests Authentication Endpoints POST /api/auth/login should fail with invalid credentials" name="Backend API Tests Authentication Endpoints POST /api/auth/login should fail with invalid credentials" time="0.017">
    </testcase>
    <testcase classname="Backend API Tests Authentication Endpoints POST /api/auth/login should fail with missing username" name="Backend API Tests Authentication Endpoints POST /api/auth/login should fail with missing username" time="0.018">
    </testcase>
    <testcase classname="Backend API Tests Authentication Endpoints POST /api/auth/login should fail with missing password" name="Backend API Tests Authentication Endpoints POST /api/auth/login should fail with missing password" time="0.022">
    </testcase>
    <testcase classname="Backend API Tests Authentication Endpoints POST /api/auth/login should fail with empty credentials" name="Backend API Tests Authentication Endpoints POST /api/auth/login should fail with empty credentials" time="0.028">
    </testcase>
    <testcase classname="Backend API Tests Authentication Endpoints POST /api/auth/login should fail with invalid credential types" name="Backend API Tests Authentication Endpoints POST /api/auth/login should fail with invalid credential types" time="0.024">
    </testcase>
    <testcase classname="Backend API Tests Authentication Endpoints POST /api/auth/login should not return password in response" name="Backend API Tests Authentication Endpoints POST /api/auth/login should not return password in response" time="0.027">
    </testcase>
    <testcase classname="Backend API Tests Authentication Endpoints POST /api/auth/logout should logout successfully" name="Backend API Tests Authentication Endpoints POST /api/auth/logout should logout successfully" time="0.019">
    </testcase>
    <testcase classname="Backend API Tests Authentication Endpoints POST /api/auth/logout should logout without authentication" name="Backend API Tests Authentication Endpoints POST /api/auth/logout should logout without authentication" time="0.022">
    </testcase>
    <testcase classname="Backend API Tests Authentication Endpoints GET /api/auth/me should return user info with valid token" name="Backend API Tests Authentication Endpoints GET /api/auth/me should return user info with valid token" time="0.021">
    </testcase>
    <testcase classname="Backend API Tests Authentication Endpoints GET /api/auth/me should fail without token" name="Backend API Tests Authentication Endpoints GET /api/auth/me should fail without token" time="0.02">
    </testcase>
    <testcase classname="Backend API Tests Authentication Endpoints GET /api/auth/me should fail with invalid token" name="Backend API Tests Authentication Endpoints GET /api/auth/me should fail with invalid token" time="0.017">
    </testcase>
    <testcase classname="Backend API Tests Authentication Endpoints GET /api/auth/me should fail with malformed token" name="Backend API Tests Authentication Endpoints GET /api/auth/me should fail with malformed token" time="0.016">
    </testcase>
    <testcase classname="Backend API Tests Dashboard Data Endpoint should return dashboard data with valid token" name="Backend API Tests Dashboard Data Endpoint should return dashboard data with valid token" time="0.029">
    </testcase>
    <testcase classname="Backend API Tests Dashboard Data Endpoint should fail without authorization header" name="Backend API Tests Dashboard Data Endpoint should fail without authorization header" time="0.02">
    </testcase>
    <testcase classname="Backend API Tests Dashboard Data Endpoint should fail with invalid token format" name="Backend API Tests Dashboard Data Endpoint should fail with invalid token format" time="0.013">
    </testcase>
    <testcase classname="Backend API Tests Dashboard Data Endpoint should fail with invalid token" name="Backend API Tests Dashboard Data Endpoint should fail with invalid token" time="0.017">
    </testcase>
    <testcase classname="Backend API Tests Dashboard Data Endpoint should return correct data structure" name="Backend API Tests Dashboard Data Endpoint should return correct data structure" time="0.025">
    </testcase>
    <testcase classname="Backend API Tests Dashboard Data Endpoint should work with different valid tokens" name="Backend API Tests Dashboard Data Endpoint should work with different valid tokens" time="0.044">
    </testcase>
    <testcase classname="Backend API Tests Error Handling should return 404 for non-existent routes" name="Backend API Tests Error Handling should return 404 for non-existent routes" time="0.017">
    </testcase>
    <testcase classname="Backend API Tests Error Handling should handle POST to non-existent routes" name="Backend API Tests Error Handling should handle POST to non-existent routes" time="0.014">
    </testcase>
    <testcase classname="Backend API Tests Error Handling should handle malformed JSON" name="Backend API Tests Error Handling should handle malformed JSON" time="0.257">
    </testcase>
    <testcase classname="Backend API Tests Integration Tests complete authentication flow" name="Backend API Tests Integration Tests complete authentication flow" time="0.058">
    </testcase>
    <testcase classname="Backend API Tests Integration Tests should handle concurrent requests" name="Backend API Tests Integration Tests should handle concurrent requests" time="0.101">
    </testcase>
    <testcase classname="Backend API Tests Performance Tests health check should respond quickly" name="Backend API Tests Performance Tests health check should respond quickly" time="0.02">
    </testcase>
    <testcase classname="Backend API Tests Performance Tests login should respond within reasonable time" name="Backend API Tests Performance Tests login should respond within reasonable time" time="0.014">
    </testcase>
    <testcase classname="Backend API Tests Security Tests should not expose sensitive information in error messages" name="Backend API Tests Security Tests should not expose sensitive information in error messages" time="0.013">
    </testcase>
    <testcase classname="Backend API Tests Security Tests should handle SQL injection attempts safely" name="Backend API Tests Security Tests should handle SQL injection attempts safely" time="0.012">
    </testcase>
    <testcase classname="Backend API Tests Security Tests should handle XSS attempts safely" name="Backend API Tests Security Tests should handle XSS attempts safely" time="0.012">
    </testcase>
  </testsuite>
</testsuites>