TN:
SF:app.js
FN:38,(anonymous_0)
FN:46,(anonymous_1)
FN:56,(anonymous_2)
FN:76,(anonymous_3)
FN:95,(anonymous_4)
FN:131,(anonymous_5)
FN:141,(anonymous_6)
FN:168,(anonymous_7)
FN:185,(anonymous_8)
FN:195,(anonymous_9)
FNF:10
FNH:10
FNDA:5,(anonymous_0)
FNDA:3,(anonymous_1)
FNDA:23,(anonymous_2)
FNDA:42,(anonymous_3)
FNDA:9,(anonymous_4)
FNDA:3,(anonymous_5)
FNDA:5,(anonymous_6)
FNDA:3,(anonymous_7)
FNDA:2,(anonymous_8)
FNDA:1,(anonymous_9)
DA:1,2
DA:2,2
DA:5,2
DA:31,2
DA:38,2
DA:39,5
DA:42,5
DA:43,5
DA:46,5
DA:47,3
DA:56,5
DA:57,23
DA:60,23
DA:61,3
DA:68,20
DA:69,1
DA:76,42
DA:78,19
DA:79,15
DA:80,15
DA:87,4
DA:95,5
DA:97,9
DA:99,9
DA:100,1
DA:107,8
DA:108,1
DA:116,7
DA:117,7
DA:118,1
DA:124,6
DA:131,5
DA:133,3
DA:141,5
DA:142,5
DA:144,5
DA:145,1
DA:151,4
DA:152,1
DA:158,3
DA:160,3
DA:161,1
DA:167,2
DA:168,3
DA:170,2
DA:171,0
DA:177,2
DA:178,2
DA:185,5
DA:186,2
DA:195,5
DA:196,1
DA:197,1
DA:204,5
DA:208,2
LF:55
LH:54
BRDA:51,0,0,3
BRDA:51,0,1,0
BRDA:60,1,0,3
BRDA:60,1,1,20
BRDA:60,2,0,23
BRDA:60,2,1,21
BRDA:68,3,0,1
BRDA:68,3,1,19
BRDA:68,4,0,20
BRDA:68,4,1,19
BRDA:76,5,0,42
BRDA:76,5,1,16
BRDA:78,6,0,15
BRDA:78,6,1,4
BRDA:99,7,0,1
BRDA:99,7,1,8
BRDA:107,8,0,1
BRDA:107,8,1,7
BRDA:107,9,0,8
BRDA:107,9,1,1
BRDA:117,10,0,1
BRDA:117,10,1,6
BRDA:144,11,0,1
BRDA:144,11,1,4
BRDA:151,12,0,1
BRDA:151,12,1,3
BRDA:160,13,0,1
BRDA:160,13,1,2
BRDA:170,14,0,0
BRDA:170,14,1,2
BRDA:200,15,0,0
BRDA:200,15,1,1
BRF:32
BRH:29
end_of_record
TN:
SF:index.js
FN:6,(anonymous_0)
FN:11,(anonymous_1)
FN:13,(anonymous_2)
FN:18,(anonymous_3)
FN:20,(anonymous_4)
FNF:5
FNH:0
FNDA:0,(anonymous_0)
FNDA:0,(anonymous_1)
FNDA:0,(anonymous_2)
FNDA:0,(anonymous_3)
FNDA:0,(anonymous_4)
DA:1,0
DA:3,0
DA:4,0
DA:6,0
DA:7,0
DA:11,0
DA:12,0
DA:13,0
DA:14,0
DA:18,0
DA:19,0
DA:20,0
DA:21,0
DA:25,0
LF:14
LH:0
BRDA:3,0,0,0
BRDA:3,0,1,0
BRF:2
BRH:0
end_of_record
